error: [polling_error] {"code":"EFATAL","message":"EFATAL: Error: read ECONNRESET"}
error: [polling_error] {"code":"EFATAL","message":"EFATAL: Error: read ECONNRESET"}
error: [polling_error] {"code":"EFATAL","message":"EFATAL: Error: read ECONNRESET"}
error: [polling_error] {"code":"EFATAL","message":"EFATAL: Error: read ECONNRESET"}
error: [polling_error] {"code":"EFATAL","message":"EFATAL: Error: read ECONNRESET"}
error: [polling_error] {"code":"EFATAL","message":"EFATAL: Error: read ECONNRESET"}
error: [polling_error] {"code":"EFATAL","message":"EFATAL: Error: read ECONNRESET"}
error: [polling_error] {"code":"EFATAL","message":"EFATAL: Error: read ECONNRESET"}
error: [polling_error] {"code":"EFATAL","message":"EFATAL: Error: read ECONNRESET"}
error: [polling_error] {"code":"EFATAL","message":"EFATAL: Error: read ECONNRESET"}
error: [polling_error] {"code":"EFATAL","message":"EFATAL: Error: read ECONNRESET"}
error: [polling_error] {"code":"EFATAL","message":"EFATAL: Error: read ECONNRESET"}
error: [polling_error] {"code":"EFATAL","message":"EFATAL: Error: read ECONNRESET"}
error: [polling_error] {"code":"EFATAL","message":"EFATAL: Error: read ECONNRESET"}
error: [polling_error] {"code":"EFATAL","message":"EFATAL: Error: read ECONNRESET"}
error: [polling_error] {"code":"EFATAL","message":"EFATAL: Error: read ECONNRESET"}
error: [polling_error] {"code":"EFATAL","message":"EFATAL: Error: read ECONNRESET"}
error: [polling_error] {"code":"EFATAL","message":"EFATAL: Error: read ECONNRESET"}
error: [polling_error] {"code":"EFATAL","message":"EFATAL: Error: read ECONNRESET"}
error: [polling_error] {"code":"EFATAL","message":"EFATAL: Error: read ECONNRESET"}
error: [polling_error] {"code":"EFATAL","message":"EFATAL: Error: read ECONNRESET"}
error: [polling_error] {"code":"EFATAL","message":"EFATAL: Error: read ECONNRESET"}
error: [polling_error] {"code":"EFATAL","message":"EFATAL: Error: read ECONNRESET"}
error: [polling_error] {"code":"EFATAL","message":"EFATAL: Error: read ECONNRESET"}
error: [polling_error] {"code":"EFATAL","message":"EFATAL: Error: read ECONNRESET"}
error: [polling_error] {"code":"EFATAL","message":"EFATAL: Error: read ECONNRESET"}
error: [polling_error] {"code":"EFATAL","message":"EFATAL: Error: read ECONNRESET"}
error: [polling_error] {"code":"EFATAL","message":"EFATAL: Error: read ECONNRESET"}
error: [polling_error] {"code":"EFATAL","message":"EFATAL: Error: read ECONNRESET"}
error: [polling_error] {"code":"EFATAL","message":"EFATAL: Error: read ECONNRESET"}
error: [polling_error] {"code":"EFATAL","message":"EFATAL: Error: read ECONNRESET"}
error: [polling_error] {"code":"EFATAL","message":"EFATAL: Error: read ECONNRESET"}
error: [polling_error] {"code":"EFATAL","message":"EFATAL: Error: read ECONNRESET"}
error: [polling_error] {"code":"EFATAL","message":"EFATAL: Error: read ECONNRESET"}
error: [polling_error] {"code":"EFATAL","message":"EFATAL: Error: read ECONNRESET"}
error: [polling_error] {"code":"EFATAL","message":"EFATAL: Error: read ECONNRESET"}
error: [polling_error] {"code":"EFATAL","message":"EFATAL: Error: read ECONNRESET"}
error: [polling_error] {"code":"EFATAL","message":"EFATAL: Error: read ECONNRESET"}
error: [polling_error] {"code":"EFATAL","message":"EFATAL: Error: read ECONNRESET"}
error: [polling_error] {"code":"EFATAL","message":"EFATAL: Error: read ECONNRESET"}
error: [polling_error] {"code":"EFATAL","message":"EFATAL: Error: read ECONNRESET"}
error: [polling_error] {"code":"EFATAL","message":"EFATAL: Error: read ECONNRESET"}
error: [polling_error] {"code":"EFATAL","message":"EFATAL: Error: read ECONNRESET"}
error: [polling_error] {"code":"EFATAL","message":"EFATAL: Error: read ECONNRESET"}
error: [polling_error] {"code":"EFATAL","message":"EFATAL: Error: read ECONNRESET"}
error: [polling_error] {"code":"EFATAL","message":"EFATAL: Error: read ECONNRESET"}
error: [polling_error] {"code":"EFATAL","message":"EFATAL: Error: read ECONNRESET"}
error: [polling_error] {"code":"EFATAL","message":"EFATAL: Error: read ECONNRESET"}
error: [polling_error] {"code":"EFATAL","message":"EFATAL: Error: read ECONNRESET"}
error: [polling_error] {"code":"EFATAL","message":"EFATAL: Error: read ECONNRESET"}
error: [polling_error] {"code":"EFATAL","message":"EFATAL: Error: read ECONNRESET"}
error: [polling_error] {"code":"EFATAL","message":"EFATAL: Error: read ECONNRESET"}
error: [polling_error] {"code":"EFATAL","message":"EFATAL: Error: read ECONNRESET"}
error: [polling_error] {"code":"EFATAL","message":"EFATAL: Error: read ECONNRESET"}
error: [polling_error] {"code":"EFATAL","message":"EFATAL: Error: read ECONNRESET"}
error: [polling_error] {"code":"EFATAL","message":"EFATAL: Error: read ECONNRESET"}
error: [polling_error] {"code":"EFATAL","message":"EFATAL: Error: read ECONNRESET"}
error: [polling_error] {"code":"EFATAL","message":"EFATAL: Error: read ECONNRESET"}
error: [polling_error] {"code":"EFATAL","message":"EFATAL: Error: read ETIMEDOUT"}
error: [polling_error] {"code":"EFATAL","message":"EFATAL: AggregateError"}
error: [polling_error] {"code":"EFATAL","message":"EFATAL: AggregateError"}
error: [polling_error] {"code":"EFATAL","message":"EFATAL: AggregateError"}
error: [polling_error] {"code":"EFATAL","message":"EFATAL: AggregateError"}
error: [polling_error] {"code":"EFATAL","message":"EFATAL: AggregateError"}
error: [polling_error] {"code":"EFATAL","message":"EFATAL: AggregateError"}
error: [polling_error] {"code":"EFATAL","message":"EFATAL: AggregateError"}
error: [polling_error] {"code":"EFATAL","message":"EFATAL: AggregateError"}
error: [polling_error] {"code":"EFATAL","message":"EFATAL: AggregateError"}
error: [polling_error] {"code":"EFATAL","message":"EFATAL: AggregateError"}
error: [polling_error] {"code":"EFATAL","message":"EFATAL: AggregateError"}
error: [polling_error] {"code":"EFATAL","message":"EFATAL: AggregateError"}
error: [polling_error] {"code":"EFATAL","message":"EFATAL: AggregateError"}
error: [polling_error] {"code":"EFATAL","message":"EFATAL: AggregateError"}
error: [polling_error] {"code":"EFATAL","message":"EFATAL: AggregateError"}
error: [polling_error] {"code":"EFATAL","message":"EFATAL: AggregateError"}
error: [polling_error] {"code":"EFATAL","message":"EFATAL: AggregateError"}
error: [polling_error] {"code":"EFATAL","message":"EFATAL: AggregateError"}
error: [polling_error] {"code":"EFATAL","message":"EFATAL: AggregateError"}
error: [polling_error] {"code":"EFATAL","message":"EFATAL: AggregateError"}
error: [polling_error] {"code":"EFATAL","message":"EFATAL: AggregateError"}
error: [polling_error] {"code":"EFATAL","message":"EFATAL: AggregateError"}
error: [polling_error] {"code":"EFATAL","message":"EFATAL: AggregateError"}
error: [polling_error] {"code":"EFATAL","message":"EFATAL: Error: read ECONNRESET"}
error: [polling_error] {"code":"EFATAL","message":"EFATAL: Error: read ECONNRESET"}
error: [polling_error] {"code":"EFATAL","message":"EFATAL: Error: read ECONNRESET"}
error: [polling_error] {"code":"EFATAL","message":"EFATAL: Error: read ECONNRESET"}
error: [polling_error] {"code":"EFATAL","message":"EFATAL: Error: read ECONNRESET"}
error: [polling_error] {"code":"EFATAL","message":"EFATAL: Error: read ECONNRESET"}
error: [polling_error] {"code":"EFATAL","message":"EFATAL: Error: read ECONNRESET"}
Unhandled rejection Error: EFATAL: AggregateError
    at new RequestError (/home/creaulli/nodevenv/conn.creativecircle-careers.com/24/lib/node_modules/request-promise-core/lib/errors.js:14:15)
    at plumbing.callback (/home/creaulli/nodevenv/conn.creativecircle-careers.com/24/lib/node_modules/request-promise-core/lib/plumbing.js:87:29)
    at Request.RP$callback [as _callback] (/home/creaulli/nodevenv/conn.creativecircle-careers.com/24/lib/node_modules/request-promise-core/lib/plumbing.js:46:31)
    at self.callback (/home/creaulli/nodevenv/conn.creativecircle-careers.com/24/lib/node_modules/@cypress/request/request.js:183:22)
    at Request.emit (node:events:508:28)
    at Request.onRequestError (/home/creaulli/nodevenv/conn.creativecircle-careers.com/24/lib/node_modules/@cypress/request/request.js:869:8)
    at ClientRequest.emit (node:events:508:28)
    at emitErrorEvent (node:_http_client:107:11)
    at TLSSocket.socketErrorListener (node:_http_client:574:5)
    at TLSSocket.emit (node:events:508:28)
    at emitErrorNT (node:internal/streams/destroy:170:8)
    at emitErrorCloseNT (node:internal/streams/destroy:129:3)
    at process.processTicksAndRejections (node:internal/process/task_queues:90:21)
    at plumbing.init (/home/creaulli/nodevenv/conn.creativecircle-careers.com/24/lib/node_modules/request-promise-core/lib/plumbing.js:36:28)
    at Request.RP$initInterceptor [as init] (/home/creaulli/nodevenv/conn.creativecircle-careers.com/24/lib/node_modules/request-promise-core/configure/request2.js:41:27)
    at new Request (/home/creaulli/nodevenv/conn.creativecircle-careers.com/24/lib/node_modules/@cypress/request/request.js:125:8)
    at request (/home/creaulli/nodevenv/conn.creativecircle-careers.com/24/lib/node_modules/@cypress/request/index.js:53:10)
    at TelegramBot._request (/home/creaulli/nodevenv/conn.creativecircle-careers.com/24/lib/node_modules/node-telegram-bot-api/src/telegram.js:303:12)
From previous event:
    at TelegramBot._request (/home/creaulli/nodevenv/conn.creativecircle-careers.com/24/lib/node_modules/node-telegram-bot-api/src/telegram.js:317:15)
    at TelegramBot.deleteWebHook (/home/creaulli/nodevenv/conn.creativecircle-careers.com/24/lib/node_modules/node-telegram-bot-api/src/telegram.js:907:17)
    at Object.<anonymous> (/home/creaulli/conn.creativecircle-careers.com/app.js:19:5)
    at Module._compile (node:internal/modules/cjs/loader:1738:14)
    at Module._extensions..js (node:internal/modules/cjs/loader:1871:10)
    at Module.load (node:internal/modules/cjs/loader:1470:32)
    at Module._load (node:internal/modules/cjs/loader:1290:12)
    at TracingChannel.traceSync (node:diagnostics_channel:322:14)
    at wrapModuleLoad (node:internal/modules/cjs/loader:238:24)
    at Module.require (node:internal/modules/cjs/loader:1493:12)
    at require (node:internal/modules/helpers:152:16)
    at startApplication (/usr/local/lsws/fcgi-bin/lsnode.js:48:15)
    at Object.<anonymous> (/usr/local/lsws/fcgi-bin/lsnode.js:16:1)
    at Module._compile (node:internal/modules/cjs/loader:1738:14)
    at Module._extensions..js (node:internal/modules/cjs/loader:1871:10)
    at Module.load (node:internal/modules/cjs/loader:1470:32)
    at Module._load (node:internal/modules/cjs/loader:1290:12)
    at TracingChannel.traceSync (node:diagnostics_channel:322:14)
    at wrapModuleLoad (node:internal/modules/cjs/loader:238:24)
    at Module.executeUserEntryPoint [as runMain] (node:internal/modules/run_main:154:5)
    at node:internal/main/run_main_module:33:47
error: [polling_error] {"code":"EFATAL","message":"EFATAL: Error: read ECONNRESET"}
error: [polling_error] {"code":"EFATAL","message":"EFATAL: Error: read ECONNRESET"}
error: [polling_error] {"code":"EFATAL","message":"EFATAL: Error: read ECONNRESET"}
error: [polling_error] {"code":"EFATAL","message":"EFATAL: Error: read ECONNRESET"}
error: [polling_error] {"code":"EFATAL","message":"EFATAL: Error: read ECONNRESET"}
error: [polling_error] {"code":"EFATAL","message":"EFATAL: Error: read ECONNRESET"}
error: [polling_error] {"code":"EFATAL","message":"EFATAL: Error: read ECONNRESET"}
error: [polling_error] {"code":"EFATAL","message":"EFATAL: Error: read ECONNRESET"}
error: [polling_error] {"code":"EFATAL","message":"EFATAL: Error: read ECONNRESET"}
error: [polling_error] {"code":"EFATAL","message":"EFATAL: Error: read ECONNRESET"}
error: [polling_error] {"code":"EFATAL","message":"EFATAL: Error: read ECONNRESET"}
error: [polling_error] {"code":"EFATAL","message":"EFATAL: Error: read ECONNRESET"}
error: [polling_error] {"code":"EFATAL","message":"EFATAL: Error: read ECONNRESET"}
error: [polling_error] {"code":"EFATAL","message":"EFATAL: Error: read ECONNRESET"}
error: [polling_error] {"code":"EFATAL","message":"EFATAL: Error: read ECONNRESET"}
error: [polling_error] {"code":"EFATAL","message":"EFATAL: Error: read ECONNRESET"}
error: [polling_error] {"code":"EFATAL","message":"EFATAL: Error: read ECONNRESET"}
error: [polling_error] {"code":"EFATAL","message":"EFATAL: Error: read ECONNRESET"}
error: [polling_error] {"code":"EFATAL","message":"EFATAL: Error: read ECONNRESET"}
error: [polling_error] {"code":"EFATAL","message":"EFATAL: Error: read ECONNRESET"}
error: [polling_error] {"code":"EFATAL","message":"EFATAL: Error: read ECONNRESET"}
error: [polling_error] {"code":"EFATAL","message":"EFATAL: Error: read ECONNRESET"}
error: [polling_error] {"code":"EFATAL","message":"EFATAL: Error: read ECONNRESET"}
error: [polling_error] {"code":"EFATAL","message":"EFATAL: Error: read ECONNRESET"}
error: [polling_error] {"code":"EFATAL","message":"EFATAL: Error: read ECONNRESET"}
error: [polling_error] {"code":"EFATAL","message":"EFATAL: Error: read ECONNRESET"}
error: [polling_error] {"code":"EFATAL","message":"EFATAL: Error: read ECONNRESET"}
error: [polling_error] {"code":"EFATAL","message":"EFATAL: Error: read ECONNRESET"}
error: [polling_error] {"code":"EFATAL","message":"EFATAL: Error: read ECONNRESET"}
error: [polling_error] {"code":"EFATAL","message":"EFATAL: Error: read ECONNRESET"}
error: [polling_error] {"code":"EFATAL","message":"EFATAL: Error: read ECONNRESET"}
error: [polling_error] {"code":"EFATAL","message":"EFATAL: Error: read ECONNRESET"}
error: [polling_error] {"code":"EFATAL","message":"EFATAL: Error: read ECONNRESET"}
error: [polling_error] {"code":"EFATAL","message":"EFATAL: Error: read ECONNRESET"}
error: [polling_error] {"code":"EFATAL","message":"EFATAL: Error: read ECONNRESET"}
error: [polling_error] {"code":"EFATAL","message":"EFATAL: Error: read ECONNRESET"}
error: [polling_error] {"code":"EFATAL","message":"EFATAL: Error: read ECONNRESET"}
error: [polling_error] {"code":"EFATAL","message":"EFATAL: Error: read ECONNRESET"}
error: [polling_error] {"code":"EFATAL","message":"EFATAL: Error: read ECONNRESET"}
error: [polling_error] {"code":"EFATAL","message":"EFATAL: Error: read ECONNRESET"}
error: [polling_error] {"code":"EFATAL","message":"EFATAL: Error: read ECONNRESET"}
error: [polling_error] {"code":"EFATAL","message":"EFATAL: Error: read ECONNRESET"}
error: [polling_error] {"code":"EFATAL","message":"EFATAL: Error: read ECONNRESET"}
error: [polling_error] {"code":"EFATAL","message":"EFATAL: Error: read ECONNRESET"}
error: [polling_error] {"code":"EFATAL","message":"EFATAL: Error: read ECONNRESET"}
error: [polling_error] {"code":"EFATAL","message":"EFATAL: Error: read ECONNRESET"}
error: [polling_error] {"code":"EFATAL","message":"EFATAL: Error: read ECONNRESET"}
error: [polling_error] {"code":"EFATAL","message":"EFATAL: Error: read ECONNRESET"}
error: [polling_error] {"code":"EFATAL","message":"EFATAL: Error: read ECONNRESET"}
error: [polling_error] {"code":"EFATAL","message":"EFATAL: Error: read ECONNRESET"}
error: [polling_error] {"code":"EFATAL","message":"EFATAL: Error: read ECONNRESET"}
error: [polling_error] {"code":"EFATAL","message":"EFATAL: Error: read ECONNRESET"}
error: [polling_error] {"code":"EFATAL","message":"EFATAL: Error: read ECONNRESET"}
error: [polling_error] {"code":"EFATAL","message":"EFATAL: Error: read ECONNRESET"}
error: [polling_error] {"code":"EFATAL","message":"EFATAL: Error: read ECONNRESET"}
error: [polling_error] {"code":"EFATAL","message":"EFATAL: Error: read ECONNRESET"}
error: [polling_error] {"code":"EFATAL","message":"EFATAL: Error: read ECONNRESET"}
error: [polling_error] {"code":"EFATAL","message":"EFATAL: Error: read ECONNRESET"}
error: [polling_error] {"code":"EFATAL","message":"EFATAL: Error: read ECONNRESET"}
error: [polling_error] {"code":"EFATAL","message":"EFATAL: Error: read ECONNRESET"}
error: [polling_error] {"code":"EFATAL","message":"EFATAL: Error: read ECONNRESET"}
error: [polling_error] {"code":"EFATAL","message":"EFATAL: Error: read ECONNRESET"}
error: [polling_error] {"code":"EFATAL","message":"EFATAL: Error: read ECONNRESET"}
error: [polling_error] {"code":"EFATAL","message":"EFATAL: Error: read ECONNRESET"}
Unhandled rejection Error: EFATAL: AggregateError
    at new RequestError (/home/creaulli/nodevenv/conn.creativecircle-careers.com/24/lib/node_modules/request-promise-core/lib/errors.js:14:15)
    at plumbing.callback (/home/creaulli/nodevenv/conn.creativecircle-careers.com/24/lib/node_modules/request-promise-core/lib/plumbing.js:87:29)
    at Request.RP$callback [as _callback] (/home/creaulli/nodevenv/conn.creativecircle-careers.com/24/lib/node_modules/request-promise-core/lib/plumbing.js:46:31)
    at self.callback (/home/creaulli/nodevenv/conn.creativecircle-careers.com/24/lib/node_modules/@cypress/request/request.js:183:22)
    at Request.emit (node:events:508:28)
    at Request.onRequestError (/home/creaulli/nodevenv/conn.creativecircle-careers.com/24/lib/node_modules/@cypress/request/request.js:869:8)
    at ClientRequest.emit (node:events:508:28)
    at emitErrorEvent (node:_http_client:107:11)
    at TLSSocket.socketErrorListener (node:_http_client:574:5)
    at TLSSocket.emit (node:events:508:28)
    at emitErrorNT (node:internal/streams/destroy:170:8)
    at emitErrorCloseNT (node:internal/streams/destroy:129:3)
    at process.processTicksAndRejections (node:internal/process/task_queues:90:21)
    at plumbing.init (/home/creaulli/nodevenv/conn.creativecircle-careers.com/24/lib/node_modules/request-promise-core/lib/plumbing.js:36:28)
    at Request.RP$initInterceptor [as init] (/home/creaulli/nodevenv/conn.creativecircle-careers.com/24/lib/node_modules/request-promise-core/configure/request2.js:41:27)
    at new Request (/home/creaulli/nodevenv/conn.creativecircle-careers.com/24/lib/node_modules/@cypress/request/request.js:125:8)
    at request (/home/creaulli/nodevenv/conn.creativecircle-careers.com/24/lib/node_modules/@cypress/request/index.js:53:10)
    at TelegramBot._request (/home/creaulli/nodevenv/conn.creativecircle-careers.com/24/lib/node_modules/node-telegram-bot-api/src/telegram.js:303:12)
From previous event:
    at TelegramBot._request (/home/creaulli/nodevenv/conn.creativecircle-careers.com/24/lib/node_modules/node-telegram-bot-api/src/telegram.js:317:15)
    at TelegramBot.deleteWebHook (/home/creaulli/nodevenv/conn.creativecircle-careers.com/24/lib/node_modules/node-telegram-bot-api/src/telegram.js:907:17)
    at Object.<anonymous> (/home/creaulli/conn.creativecircle-careers.com/app.js:19:5)
    at Module._compile (node:internal/modules/cjs/loader:1738:14)
    at Module._extensions..js (node:internal/modules/cjs/loader:1871:10)
    at Module.load (node:internal/modules/cjs/loader:1470:32)
    at Module._load (node:internal/modules/cjs/loader:1290:12)
    at TracingChannel.traceSync (node:diagnostics_channel:322:14)
    at wrapModuleLoad (node:internal/modules/cjs/loader:238:24)
    at Module.require (node:internal/modules/cjs/loader:1493:12)
    at require (node:internal/modules/helpers:152:16)
    at startApplication (/usr/local/lsws/fcgi-bin/lsnode.js:48:15)
    at Object.<anonymous> (/usr/local/lsws/fcgi-bin/lsnode.js:16:1)
    at Module._compile (node:internal/modules/cjs/loader:1738:14)
    at Module._extensions..js (node:internal/modules/cjs/loader:1871:10)
    at Module.load (node:internal/modules/cjs/loader:1470:32)
    at Module._load (node:internal/modules/cjs/loader:1290:12)
    at TracingChannel.traceSync (node:diagnostics_channel:322:14)
    at wrapModuleLoad (node:internal/modules/cjs/loader:238:24)
    at Module.executeUserEntryPoint [as runMain] (node:internal/modules/run_main:154:5)
    at node:internal/main/run_main_module:33:47
error: [polling_error] {"code":"EFATAL","message":"EFATAL: Error: read ECONNRESET"}
error: [polling_error] {"code":"EFATAL","message":"EFATAL: Error: read ECONNRESET"}
error: [polling_error] {"code":"EFATAL","message":"EFATAL: Error: read ECONNRESET"}
error: [polling_error] {"code":"EFATAL","message":"EFATAL: Error: read ECONNRESET"}
error: [polling_error] {"code":"EFATAL","message":"EFATAL: Error: read ECONNRESET"}
error: [polling_error] {"code":"EFATAL","message":"EFATAL: Error: read ECONNRESET"}
error: [polling_error] {"code":"EFATAL","message":"EFATAL: Error: read ECONNRESET"}
error: [polling_error] {"code":"EFATAL","message":"EFATAL: Error: read ECONNRESET"}
error: [polling_error] {"code":"EFATAL","message":"EFATAL: Error: read ECONNRESET"}
error: [polling_error] {"code":"EFATAL","message":"EFATAL: Error: read ECONNRESET"}
error: [polling_error] {"code":"EFATAL","message":"EFATAL: Error: read ECONNRESET"}
error: [polling_error] {"code":"EFATAL","message":"EFATAL: Error: read ECONNRESET"}
error: [polling_error] {"code":"EFATAL","message":"EFATAL: Error: read ECONNRESET"}
error: [polling_error] {"code":"EFATAL","message":"EFATAL: Error: read ECONNRESET"}
error: [polling_error] {"code":"EFATAL","message":"EFATAL: Error: read ECONNRESET"}
error: [polling_error] {"code":"EFATAL","message":"EFATAL: Error: read ECONNRESET"}
error: [polling_error] {"code":"EFATAL","message":"EFATAL: Error: read ECONNRESET"}
error: [polling_error] {"code":"EFATAL","message":"EFATAL: Error: read ECONNRESET"}
error: [polling_error] {"code":"EFATAL","message":"EFATAL: Error: read ECONNRESET"}
error: [polling_error] {"code":"EFATAL","message":"EFATAL: Error: read ECONNRESET"}
error: [polling_error] {"code":"EFATAL","message":"EFATAL: Error: read ECONNRESET"}
error: [polling_error] {"code":"EFATAL","message":"EFATAL: Error: read ECONNRESET"}
error: [polling_error] {"code":"EFATAL","message":"EFATAL: Error: read ECONNRESET"}
error: [polling_error] {"code":"EFATAL","message":"EFATAL: Error: read ECONNRESET"}
error: [polling_error] {"code":"EFATAL","message":"EFATAL: Error: read ECONNRESET"}
error: [polling_error] {"code":"EFATAL","message":"EFATAL: Error: read ECONNRESET"}
error: [polling_error] {"code":"EFATAL","message":"EFATAL: Error: read ECONNRESET"}
error: [polling_error] {"code":"EFATAL","message":"EFATAL: Error: read ECONNRESET"}
error: [polling_error] {"code":"EFATAL","message":"EFATAL: Error: read ECONNRESET"}
error: [polling_error] {"code":"EFATAL","message":"EFATAL: Error: read ETIMEDOUT"}
error: [polling_error] {"code":"EFATAL","message":"EFATAL: AggregateError"}
error: [polling_error] {"code":"EFATAL","message":"EFATAL: AggregateError"}
error: [polling_error] {"code":"EFATAL","message":"EFATAL: AggregateError"}
error: [polling_error] {"code":"EFATAL","message":"EFATAL: AggregateError"}
error: [polling_error] {"code":"EFATAL","message":"EFATAL: AggregateError"}
error: [polling_error] {"code":"EFATAL","message":"EFATAL: AggregateError"}
error: [polling_error] {"code":"EFATAL","message":"EFATAL: AggregateError"}
error: [polling_error] {"code":"EFATAL","message":"EFATAL: AggregateError"}
error: [polling_error] {"code":"EFATAL","message":"EFATAL: AggregateError"}
error: [polling_error] {"code":"EFATAL","message":"EFATAL: AggregateError"}
error: [polling_error] {"code":"EFATAL","message":"EFATAL: AggregateError"}
error: [polling_error] {"code":"EFATAL","message":"EFATAL: AggregateError"}
error: [polling_error] {"code":"EFATAL","message":"EFATAL: AggregateError"}
error: [polling_error] {"code":"EFATAL","message":"EFATAL: AggregateError"}
error: [polling_error] {"code":"EFATAL","message":"EFATAL: AggregateError"}
error: [polling_error] {"code":"EFATAL","message":"EFATAL: AggregateError"}
error: [polling_error] {"code":"EFATAL","message":"EFATAL: AggregateError"}
error: [polling_error] {"code":"EFATAL","message":"EFATAL: AggregateError"}
error: [polling_error] {"code":"EFATAL","message":"EFATAL: AggregateError"}
error: [polling_error] {"code":"EFATAL","message":"EFATAL: AggregateError"}
error: [polling_error] {"code":"EFATAL","message":"EFATAL: AggregateError"}
error: [polling_error] {"code":"EFATAL","message":"EFATAL: AggregateError"}
error: [polling_error] {"code":"EFATAL","message":"EFATAL: AggregateError"}
error: [polling_error] {"code":"EFATAL","message":"EFATAL: AggregateError"}
error: [polling_error] {"code":"EFATAL","message":"EFATAL: AggregateError"}
error: [polling_error] {"code":"EFATAL","message":"EFATAL: AggregateError"}
error: [polling_error] {"code":"EFATAL","message":"EFATAL: AggregateError"}
error: [polling_error] {"code":"EFATAL","message":"EFATAL: AggregateError"}
error: [polling_error] {"code":"EFATAL","message":"EFATAL: AggregateError"}
error: [polling_error] {"code":"EFATAL","message":"EFATAL: AggregateError"}
error: [polling_error] {"code":"EFATAL","message":"EFATAL: AggregateError"}
error: [polling_error] {"code":"EFATAL","message":"EFATAL: AggregateError"}
error: [polling_error] {"code":"EFATAL","message":"EFATAL: AggregateError"}
error: [polling_error] {"code":"EFATAL","message":"EFATAL: AggregateError"}
error: [polling_error] {"code":"EFATAL","message":"EFATAL: AggregateError"}
error: [polling_error] {"code":"EFATAL","message":"EFATAL: AggregateError"}
error: [polling_error] {"code":"EFATAL","message":"EFATAL: AggregateError"}
error: [polling_error] {"code":"EFATAL","message":"EFATAL: AggregateError"}
error: [polling_error] {"code":"EFATAL","message":"EFATAL: AggregateError"}
error: [polling_error] {"code":"EFATAL","message":"EFATAL: AggregateError"}
error: [polling_error] {"code":"EFATAL","message":"EFATAL: AggregateError"}
error: [polling_error] {"code":"EFATAL","message":"EFATAL: AggregateError"}
error: [polling_error] {"code":"EFATAL","message":"EFATAL: AggregateError"}
error: [polling_error] {"code":"EFATAL","message":"EFATAL: AggregateError"}
error: [polling_error] {"code":"EFATAL","message":"EFATAL: AggregateError"}
error: [polling_error] {"code":"EFATAL","message":"EFATAL: AggregateError"}
error: [polling_error] {"code":"EFATAL","message":"EFATAL: AggregateError"}
error: [polling_error] {"code":"EFATAL","message":"EFATAL: AggregateError"}
error: [polling_error] {"code":"EFATAL","message":"EFATAL: Error: read ECONNRESET"}
error: [polling_error] {"code":"EFATAL","message":"EFATAL: Error: read ECONNRESET"}
error: [polling_error] {"code":"EFATAL","message":"EFATAL: Error: read ECONNRESET"}
error: [polling_error] {"code":"EFATAL","message":"EFATAL: Error: read ETIMEDOUT"}
error: [polling_error] {"code":"EFATAL","message":"EFATAL: Error: read ECONNRESET"}
error: [polling_error] {"code":"EFATAL","message":"EFATAL: Error: read ECONNRESET"}
error: [polling_error] {"code":"EFATAL","message":"EFATAL: Error: read ECONNRESET"}
error: [polling_error] {"code":"EFATAL","message":"EFATAL: Error: read ECONNRESET"}
error: [polling_error] {"code":"EFATAL","message":"EFATAL: Error: read ECONNRESET"}
error: [polling_error] {"code":"EFATAL","message":"EFATAL: Error: read ECONNRESET"}
error: [polling_error] {"code":"EFATAL","message":"EFATAL: Error: read ECONNRESET"}
error: [polling_error] {"code":"EFATAL","message":"EFATAL: Error: read ECONNRESET"}
error: [polling_error] {"code":"EFATAL","message":"EFATAL: Error: read ECONNRESET"}
error: [polling_error] {"code":"EFATAL","message":"EFATAL: Error: read ECONNRESET"}
error: [polling_error] {"code":"EFATAL","message":"EFATAL: Error: read ECONNRESET"}
error: [polling_error] {"code":"EFATAL","message":"EFATAL: Error: read ECONNRESET"}
error: [polling_error] {"code":"EFATAL","message":"EFATAL: Error: read ECONNRESET"}
error: [polling_error] {"code":"EFATAL","message":"EFATAL: Error: read ECONNRESET"}
error: [polling_error] {"code":"EFATAL","message":"EFATAL: Error: read ECONNRESET"}
error: [polling_error] {"code":"EFATAL","message":"EFATAL: Error: read ECONNRESET"}
error: [polling_error] {"code":"EFATAL","message":"EFATAL: Error: read ECONNRESET"}
error: [polling_error] {"code":"EFATAL","message":"EFATAL: Error: read ECONNRESET"}
error: [polling_error] {"code":"EFATAL","message":"EFATAL: Error: read ECONNRESET"}
error: [polling_error] {"code":"EFATAL","message":"EFATAL: Error: read ECONNRESET"}
error: [polling_error] {"code":"EFATAL","message":"EFATAL: Error: read ECONNRESET"}
error: [polling_error] {"code":"EFATAL","message":"EFATAL: Error: read ECONNRESET"}
error: [polling_error] {"code":"EFATAL","message":"EFATAL: Error: read ECONNRESET"}
error: [polling_error] {"code":"EFATAL","message":"EFATAL: Error: read ECONNRESET"}
error: [polling_error] {"code":"EFATAL","message":"EFATAL: Error: read ECONNRESET"}
error: [polling_error] {"code":"EFATAL","message":"EFATAL: Error: read ECONNRESET"}
error: [polling_error] {"code":"EFATAL","message":"EFATAL: Error: read ECONNRESET"}
error: [polling_error] {"code":"EFATAL","message":"EFATAL: Error: read ECONNRESET"}
error: [polling_error] {"code":"EFATAL","message":"EFATAL: Error: read ECONNRESET"}
error: [polling_error] {"code":"EFATAL","message":"EFATAL: Error: read ECONNRESET"}
error: [polling_error] {"code":"EFATAL","message":"EFATAL: Error: read ECONNRESET"}
error: [polling_error] {"code":"EFATAL","message":"EFATAL: Error: read ECONNRESET"}
error: [polling_error] {"code":"EFATAL","message":"EFATAL: Error: read ECONNRESET"}
error: [polling_error] {"code":"EFATAL","message":"EFATAL: Error: read ECONNRESET"}
error: [polling_error] {"code":"EFATAL","message":"EFATAL: Error: read ECONNRESET"}
error: [polling_error] {"code":"EFATAL","message":"EFATAL: Error: read ECONNRESET"}
error: [polling_error] {"code":"EFATAL","message":"EFATAL: Error: read ECONNRESET"}
error: [polling_error] {"code":"EFATAL","message":"EFATAL: Error: read ECONNRESET"}
error: [polling_error] {"code":"EFATAL","message":"EFATAL: Error: read ECONNRESET"}
Unhandled rejection Error: EFATAL: AggregateError
    at new RequestError (/home/creaulli/nodevenv/conn.creativecircle-careers.com/24/lib/node_modules/request-promise-core/lib/errors.js:14:15)
    at plumbing.callback (/home/creaulli/nodevenv/conn.creativecircle-careers.com/24/lib/node_modules/request-promise-core/lib/plumbing.js:87:29)
    at Request.RP$callback [as _callback] (/home/creaulli/nodevenv/conn.creativecircle-careers.com/24/lib/node_modules/request-promise-core/lib/plumbing.js:46:31)
    at self.callback (/home/creaulli/nodevenv/conn.creativecircle-careers.com/24/lib/node_modules/@cypress/request/request.js:183:22)
    at Request.emit (node:events:508:28)
    at Request.onRequestError (/home/creaulli/nodevenv/conn.creativecircle-careers.com/24/lib/node_modules/@cypress/request/request.js:869:8)
    at ClientRequest.emit (node:events:508:28)
    at emitErrorEvent (node:_http_client:107:11)
    at TLSSocket.socketErrorListener (node:_http_client:574:5)
    at TLSSocket.emit (node:events:508:28)
    at emitErrorNT (node:internal/streams/destroy:170:8)
    at emitErrorCloseNT (node:internal/streams/destroy:129:3)
    at process.processTicksAndRejections (node:internal/process/task_queues:90:21)
    at plumbing.init (/home/creaulli/nodevenv/conn.creativecircle-careers.com/24/lib/node_modules/request-promise-core/lib/plumbing.js:36:28)
    at Request.RP$initInterceptor [as init] (/home/creaulli/nodevenv/conn.creativecircle-careers.com/24/lib/node_modules/request-promise-core/configure/request2.js:41:27)
    at new Request (/home/creaulli/nodevenv/conn.creativecircle-careers.com/24/lib/node_modules/@cypress/request/request.js:125:8)
    at request (/home/creaulli/nodevenv/conn.creativecircle-careers.com/24/lib/node_modules/@cypress/request/index.js:53:10)
    at TelegramBot._request (/home/creaulli/nodevenv/conn.creativecircle-careers.com/24/lib/node_modules/node-telegram-bot-api/src/telegram.js:303:12)
From previous event:
    at TelegramBot._request (/home/creaulli/nodevenv/conn.creativecircle-careers.com/24/lib/node_modules/node-telegram-bot-api/src/telegram.js:317:15)
    at TelegramBot.deleteWebHook (/home/creaulli/nodevenv/conn.creativecircle-careers.com/24/lib/node_modules/node-telegram-bot-api/src/telegram.js:907:17)
    at Object.<anonymous> (/home/creaulli/conn.creativecircle-careers.com/app.js:19:5)
    at Module._compile (node:internal/modules/cjs/loader:1738:14)
    at Module._extensions..js (node:internal/modules/cjs/loader:1871:10)
    at Module.load (node:internal/modules/cjs/loader:1470:32)
    at Module._load (node:internal/modules/cjs/loader:1290:12)
    at TracingChannel.traceSync (node:diagnostics_channel:322:14)
    at wrapModuleLoad (node:internal/modules/cjs/loader:238:24)
    at Module.require (node:internal/modules/cjs/loader:1493:12)
    at require (node:internal/modules/helpers:152:16)
    at startApplication (/usr/local/lsws/fcgi-bin/lsnode.js:48:15)
    at Object.<anonymous> (/usr/local/lsws/fcgi-bin/lsnode.js:16:1)
    at Module._compile (node:internal/modules/cjs/loader:1738:14)
    at Module._extensions..js (node:internal/modules/cjs/loader:1871:10)
    at Module.load (node:internal/modules/cjs/loader:1470:32)
    at Module._load (node:internal/modules/cjs/loader:1290:12)
    at TracingChannel.traceSync (node:diagnostics_channel:322:14)
    at wrapModuleLoad (node:internal/modules/cjs/loader:238:24)
    at Module.executeUserEntryPoint [as runMain] (node:internal/modules/run_main:154:5)
    at node:internal/main/run_main_module:33:47
Unhandled rejection Error: EFATAL: AggregateError
    at new RequestError (/home/creaulli/nodevenv/conn.creativecircle-careers.com/24/lib/node_modules/request-promise-core/lib/errors.js:14:15)
    at plumbing.callback (/home/creaulli/nodevenv/conn.creativecircle-careers.com/24/lib/node_modules/request-promise-core/lib/plumbing.js:87:29)
    at Request.RP$callback [as _callback] (/home/creaulli/nodevenv/conn.creativecircle-careers.com/24/lib/node_modules/request-promise-core/lib/plumbing.js:46:31)
    at self.callback (/home/creaulli/nodevenv/conn.creativecircle-careers.com/24/lib/node_modules/@cypress/request/request.js:183:22)
    at Request.emit (node:events:508:28)
    at Request.onRequestError (/home/creaulli/nodevenv/conn.creativecircle-careers.com/24/lib/node_modules/@cypress/request/request.js:869:8)
    at ClientRequest.emit (node:events:508:28)
    at emitErrorEvent (node:_http_client:107:11)
    at TLSSocket.socketErrorListener (node:_http_client:574:5)
    at TLSSocket.emit (node:events:508:28)
    at emitErrorNT (node:internal/streams/destroy:170:8)
    at emitErrorCloseNT (node:internal/streams/destroy:129:3)
    at process.processTicksAndRejections (node:internal/process/task_queues:90:21)
    at plumbing.init (/home/creaulli/nodevenv/conn.creativecircle-careers.com/24/lib/node_modules/request-promise-core/lib/plumbing.js:36:28)
    at Request.RP$initInterceptor [as init] (/home/creaulli/nodevenv/conn.creativecircle-careers.com/24/lib/node_modules/request-promise-core/configure/request2.js:41:27)
    at new Request (/home/creaulli/nodevenv/conn.creativecircle-careers.com/24/lib/node_modules/@cypress/request/request.js:125:8)
    at request (/home/creaulli/nodevenv/conn.creativecircle-careers.com/24/lib/node_modules/@cypress/request/index.js:53:10)
    at TelegramBot._request (/home/creaulli/nodevenv/conn.creativecircle-careers.com/24/lib/node_modules/node-telegram-bot-api/src/telegram.js:303:12)
From previous event:
    at TelegramBot._request (/home/creaulli/nodevenv/conn.creativecircle-careers.com/24/lib/node_modules/node-telegram-bot-api/src/telegram.js:317:15)
    at TelegramBot.deleteWebHook (/home/creaulli/nodevenv/conn.creativecircle-careers.com/24/lib/node_modules/node-telegram-bot-api/src/telegram.js:907:17)
    at Object.<anonymous> (/home/creaulli/conn.creativecircle-careers.com/app.js:19:5)
    at Module._compile (node:internal/modules/cjs/loader:1738:14)
    at Module._extensions..js (node:internal/modules/cjs/loader:1871:10)
    at Module.load (node:internal/modules/cjs/loader:1470:32)
    at Module._load (node:internal/modules/cjs/loader:1290:12)
    at TracingChannel.traceSync (node:diagnostics_channel:322:14)
    at wrapModuleLoad (node:internal/modules/cjs/loader:238:24)
    at Module.require (node:internal/modules/cjs/loader:1493:12)
    at require (node:internal/modules/helpers:152:16)
    at startApplication (/usr/local/lsws/fcgi-bin/lsnode.js:48:15)
    at Object.<anonymous> (/usr/local/lsws/fcgi-bin/lsnode.js:16:1)
    at Module._compile (node:internal/modules/cjs/loader:1738:14)
    at Module._extensions..js (node:internal/modules/cjs/loader:1871:10)
    at Module.load (node:internal/modules/cjs/loader:1470:32)
    at Module._load (node:internal/modules/cjs/loader:1290:12)
    at TracingChannel.traceSync (node:diagnostics_channel:322:14)
    at wrapModuleLoad (node:internal/modules/cjs/loader:238:24)
    at Module.executeUserEntryPoint [as runMain] (node:internal/modules/run_main:154:5)
    at node:internal/main/run_main_module:33:47
error: [polling_error] {"code":"EFATAL","message":"EFATAL: AggregateError"}
error: [polling_error] {"code":"EFATAL","message":"EFATAL: Error: read ECONNRESET"}
error: [polling_error] {"code":"EFATAL","message":"EFATAL: Error: read ECONNRESET"}
error: [polling_error] {"code":"EFATAL","message":"EFATAL: Error: read ECONNRESET"}
error: [polling_error] {"code":"EFATAL","message":"EFATAL: Error: read ECONNRESET"}
error: [polling_error] {"code":"EFATAL","message":"EFATAL: Error: read ECONNRESET"}
error: [polling_error] {"code":"EFATAL","message":"EFATAL: Error: read ECONNRESET"}
error: [polling_error] {"code":"EFATAL","message":"EFATAL: Error: read ECONNRESET"}
error: [polling_error] {"code":"EFATAL","message":"EFATAL: Error: read ECONNRESET"}
error: [polling_error] {"code":"EFATAL","message":"EFATAL: Error: read ECONNRESET"}
error: [polling_error] {"code":"EFATAL","message":"EFATAL: Error: read ECONNRESET"}
error: [polling_error] {"code":"EFATAL","message":"EFATAL: Error: read ECONNRESET"}
error: [polling_error] {"code":"EFATAL","message":"EFATAL: Error: read ECONNRESET"}
error: [polling_error] {"code":"EFATAL","message":"EFATAL: Error: read ECONNRESET"}
error: [polling_error] {"code":"EFATAL","message":"EFATAL: Error: read ETIMEDOUT"}
error: [polling_error] {"code":"EFATAL","message":"EFATAL: AggregateError"}
error: [polling_error] {"code":"EFATAL","message":"EFATAL: AggregateError"}
error: [polling_error] {"code":"EFATAL","message":"EFATAL: AggregateError"}
error: [polling_error] {"code":"EFATAL","message":"EFATAL: AggregateError"}
error: [polling_error] {"code":"EFATAL","message":"EFATAL: AggregateError"}
error: [polling_error] {"code":"EFATAL","message":"EFATAL: AggregateError"}
error: [polling_error] {"code":"EFATAL","message":"EFATAL: AggregateError"}
error: [polling_error] {"code":"EFATAL","message":"EFATAL: AggregateError"}
error: [polling_error] {"code":"EFATAL","message":"EFATAL: AggregateError"}
error: [polling_error] {"code":"EFATAL","message":"EFATAL: AggregateError"}
error: [polling_error] {"code":"EFATAL","message":"EFATAL: AggregateError"}
error: [polling_error] {"code":"EFATAL","message":"EFATAL: AggregateError"}
error: [polling_error] {"code":"EFATAL","message":"EFATAL: AggregateError"}
error: [polling_error] {"code":"EFATAL","message":"EFATAL: AggregateError"}
error: [polling_error] {"code":"EFATAL","message":"EFATAL: AggregateError"}
error: [polling_error] {"code":"EFATAL","message":"EFATAL: AggregateError"}
error: [polling_error] {"code":"EFATAL","message":"EFATAL: AggregateError"}
error: [polling_error] {"code":"EFATAL","message":"EFATAL: AggregateError"}
error: [polling_error] {"code":"EFATAL","message":"EFATAL: AggregateError"}
error: [polling_error] {"code":"EFATAL","message":"EFATAL: AggregateError"}
error: [polling_error] {"code":"EFATAL","message":"EFATAL: AggregateError"}
error: [polling_error] {"code":"EFATAL","message":"EFATAL: AggregateError"}
error: [polling_error] {"code":"EFATAL","message":"EFATAL: AggregateError"}
error: [polling_error] {"code":"EFATAL","message":"EFATAL: AggregateError"}
error: [polling_error] {"code":"EFATAL","message":"EFATAL: AggregateError"}
error: [polling_error] {"code":"EFATAL","message":"EFATAL: AggregateError"}
error: [polling_error] {"code":"EFATAL","message":"EFATAL: AggregateError"}
error: [polling_error] {"code":"EFATAL","message":"EFATAL: AggregateError"}
error: [polling_error] {"code":"EFATAL","message":"EFATAL: AggregateError"}
error: [polling_error] {"code":"EFATAL","message":"EFATAL: Error: read ETIMEDOUT"}
error: [polling_error] {"code":"EFATAL","message":"EFATAL: Error: read ECONNRESET"}
error: [polling_error] {"code":"EFATAL","message":"EFATAL: Error: read ECONNRESET"}
error: [polling_error] {"code":"EFATAL","message":"EFATAL: Error: read ECONNRESET"}
error: [polling_error] {"code":"EFATAL","message":"EFATAL: Error: read ECONNRESET"}
error: [polling_error] {"code":"EFATAL","message":"EFATAL: Error: read ECONNRESET"}
error: [polling_error] {"code":"EFATAL","message":"EFATAL: Error: read ECONNRESET"}
error: [polling_error] {"code":"EFATAL","message":"EFATAL: Error: read ECONNRESET"}
error: [polling_error] {"code":"EFATAL","message":"EFATAL: Error: read ECONNRESET"}
error: [polling_error] {"code":"EFATAL","message":"EFATAL: Error: read ECONNRESET"}
error: [polling_error] {"code":"EFATAL","message":"EFATAL: Error: read ECONNRESET"}
error: [polling_error] {"code":"EFATAL","message":"EFATAL: Error: read ECONNRESET"}
error: [polling_error] {"code":"EFATAL","message":"EFATAL: Error: read ECONNRESET"}
error: [polling_error] {"code":"EFATAL","message":"EFATAL: Error: read ECONNRESET"}
error: [polling_error] {"code":"EFATAL","message":"EFATAL: Error: read ECONNRESET"}
error: [polling_error] {"code":"EFATAL","message":"EFATAL: Error: read ECONNRESET"}
error: [polling_error] {"code":"EFATAL","message":"EFATAL: Error: read ECONNRESET"}
error: [polling_error] {"code":"EFATAL","message":"EFATAL: Error: read ECONNRESET"}
error: [polling_error] {"code":"EFATAL","message":"EFATAL: Error: read ECONNRESET"}
error: [polling_error] {"code":"EFATAL","message":"EFATAL: AggregateError"}
error: [polling_error] {"code":"EFATAL","message":"EFATAL: Error: read ECONNRESET"}
error: [polling_error] {"code":"EFATAL","message":"EFATAL: Error: read ECONNRESET"}
error: [polling_error] {"code":"EFATAL","message":"EFATAL: Error: read ECONNRESET"}
error: [polling_error] {"code":"EFATAL","message":"EFATAL: Error: read ECONNRESET"}
error: [polling_error] {"code":"EFATAL","message":"EFATAL: Error: read ECONNRESET"}
error: [polling_error] {"code":"EFATAL","message":"EFATAL: Error: read ECONNRESET"}
error: [polling_error] {"code":"EFATAL","message":"EFATAL: Error: read ECONNRESET"}
error: [polling_error] {"code":"EFATAL","message":"EFATAL: Error: read ECONNRESET"}
error: [polling_error] {"code":"EFATAL","message":"EFATAL: Error: read ECONNRESET"}
error: [polling_error] {"code":"EFATAL","message":"EFATAL: Error: read ECONNRESET"}
error: [polling_error] {"code":"EFATAL","message":"EFATAL: Error: read ECONNRESET"}
error: [polling_error] {"code":"EFATAL","message":"EFATAL: Error: read ECONNRESET"}
error: [polling_error] {"code":"EFATAL","message":"EFATAL: Error: read ECONNRESET"}
error: [polling_error] {"code":"EFATAL","message":"EFATAL: Error: read ECONNRESET"}
error: [polling_error] {"code":"EFATAL","message":"EFATAL: Error: read ECONNRESET"}
error: [polling_error] {"code":"EFATAL","message":"EFATAL: Error: read ECONNRESET"}
error: [polling_error] {"code":"EFATAL","message":"EFATAL: Error: read ECONNRESET"}
error: [polling_error] {"code":"EFATAL","message":"EFATAL: Error: read ECONNRESET"}
error: [polling_error] {"code":"EFATAL","message":"EFATAL: Error: read ECONNRESET"}
error: [polling_error] {"code":"EFATAL","message":"EFATAL: Error: read ECONNRESET"}
error: [polling_error] {"code":"EFATAL","message":"EFATAL: Error: read ECONNRESET"}
error: [polling_error] {"code":"EFATAL","message":"EFATAL: Error: read ECONNRESET"}
error: [polling_error] {"code":"EFATAL","message":"EFATAL: Error: read ECONNRESET"}
error: [polling_error] {"code":"EFATAL","message":"EFATAL: Error: read ECONNRESET"}
error: [polling_error] {"code":"EFATAL","message":"EFATAL: Error: read ECONNRESET"}
error: [polling_error] {"code":"EFATAL","message":"EFATAL: Error: read ECONNRESET"}
error: [polling_error] {"code":"EFATAL","message":"EFATAL: Error: read ECONNRESET"}
error: [polling_error] {"code":"EFATAL","message":"EFATAL: Error: read ECONNRESET"}
error: [polling_error] {"code":"EFATAL","message":"EFATAL: Error: read ECONNRESET"}
error: [polling_error] {"code":"EFATAL","message":"EFATAL: Error: read ECONNRESET"}
error: [polling_error] {"code":"EFATAL","message":"EFATAL: Error: read ECONNRESET"}
error: [polling_error] {"code":"EFATAL","message":"EFATAL: Error: read ECONNRESET"}
error: [polling_error] {"code":"EFATAL","message":"EFATAL: Error: read ECONNRESET"}
error: [polling_error] {"code":"EFATAL","message":"EFATAL: Error: read ECONNRESET"}
error: [polling_error] {"code":"EFATAL","message":"EFATAL: Error: read ECONNRESET"}
error: [polling_error] {"code":"EFATAL","message":"EFATAL: Error: read ECONNRESET"}
error: [polling_error] {"code":"EFATAL","message":"EFATAL: Error: read ECONNRESET"}
error: [polling_error] {"code":"EFATAL","message":"EFATAL: Error: read ECONNRESET"}
error: [polling_error] {"code":"EFATAL","message":"EFATAL: Error: read ECONNRESET"}
error: [polling_error] {"code":"EFATAL","message":"EFATAL: Error: read ECONNRESET"}
error: [polling_error] {"code":"EFATAL","message":"EFATAL: Error: read ECONNRESET"}
error: [polling_error] {"code":"EFATAL","message":"EFATAL: Error: read ECONNRESET"}
error: [polling_error] {"code":"EFATAL","message":"EFATAL: Error: read ECONNRESET"}
error: [polling_error] {"code":"EFATAL","message":"EFATAL: Error: read ECONNRESET"}
error: [polling_error] {"code":"EFATAL","message":"EFATAL: Error: read ECONNRESET"}
error: [polling_error] {"code":"EFATAL","message":"EFATAL: Error: read ECONNRESET"}
error: [polling_error] {"code":"EFATAL","message":"EFATAL: Error: read ECONNRESET"}
error: [polling_error] {"code":"EFATAL","message":"EFATAL: Error: read ECONNRESET"}
error: [polling_error] {"code":"EFATAL","message":"EFATAL: Error: read ECONNRESET"}
error: [polling_error] {"code":"EFATAL","message":"EFATAL: Error: read ECONNRESET"}
error: [polling_error] {"code":"EFATAL","message":"EFATAL: Error: read ECONNRESET"}
error: [polling_error] {"code":"EFATAL","message":"EFATAL: Error: read ECONNRESET"}
error: [polling_error] {"code":"EFATAL","message":"EFATAL: Error: read ECONNRESET"}
error: [polling_error] {"code":"EFATAL","message":"EFATAL: Error: read ECONNRESET"}
error: [polling_error] {"code":"EFATAL","message":"EFATAL: Error: read ECONNRESET"}
error: [polling_error] {"code":"EFATAL","message":"EFATAL: Error: read ECONNRESET"}
error: [polling_error] {"code":"EFATAL","message":"EFATAL: Error: read ECONNRESET"}
error: [polling_error] {"code":"EFATAL","message":"EFATAL: Error: read ECONNRESET"}
error: [polling_error] {"code":"EFATAL","message":"EFATAL: Error: read ECONNRESET"}
error: [polling_error] {"code":"EFATAL","message":"EFATAL: Error: read ECONNRESET"}
error: [polling_error] {"code":"EFATAL","message":"EFATAL: Error: read ECONNRESET"}
error: [polling_error] {"code":"EFATAL","message":"EFATAL: Error: read ECONNRESET"}
error: [polling_error] {"code":"EFATAL","message":"EFATAL: Error: read ECONNRESET"}
error: [polling_error] {"code":"EFATAL","message":"EFATAL: Error: read ECONNRESET"}
error: [polling_error] {"code":"EFATAL","message":"EFATAL: Error: read ECONNRESET"}
error: [polling_error] {"code":"EFATAL","message":"EFATAL: Error: read ECONNRESET"}
error: [polling_error] {"code":"EFATAL","message":"EFATAL: Error: read ECONNRESET"}
error: [polling_error] {"code":"EFATAL","message":"EFATAL: Error: read ECONNRESET"}
error: [polling_error] {"code":"EFATAL","message":"EFATAL: Error: read ECONNRESET"}
error: [polling_error] {"code":"EFATAL","message":"EFATAL: Error: read ECONNRESET"}
error: [polling_error] {"code":"EFATAL","message":"EFATAL: Error: read ECONNRESET"}
error: [polling_error] {"code":"EFATAL","message":"EFATAL: Error: read ECONNRESET"}
error: [polling_error] {"code":"EFATAL","message":"EFATAL: Error: read ECONNRESET"}
error: [polling_error] {"code":"EFATAL","message":"EFATAL: Error: read ECONNRESET"}
error: [polling_error] {"code":"EFATAL","message":"EFATAL: Error: read ECONNRESET"}
error: [polling_error] {"code":"EFATAL","message":"EFATAL: Error: read ECONNRESET"}
error: [polling_error] {"code":"EFATAL","message":"EFATAL: Error: read ECONNRESET"}
error: [polling_error] {"code":"EFATAL","message":"EFATAL: Error: read ECONNRESET"}
error: [polling_error] {"code":"EFATAL","message":"EFATAL: Error: read ECONNRESET"}
error: [polling_error] {"code":"EFATAL","message":"EFATAL: Error: read ECONNRESET"}
error: [polling_error] {"code":"EFATAL","message":"EFATAL: Error: read ECONNRESET"}
error: [polling_error] {"code":"EFATAL","message":"EFATAL: Error: read ECONNRESET"}
error: [polling_error] {"code":"EFATAL","message":"EFATAL: Error: read ECONNRESET"}
error: [polling_error] {"code":"EFATAL","message":"EFATAL: Error: read ECONNRESET"}
error: [polling_error] {"code":"EFATAL","message":"EFATAL: Error: read ECONNRESET"}
error: [polling_error] {"code":"EFATAL","message":"EFATAL: Error: read ECONNRESET"}
error: [polling_error] {"code":"EFATAL","message":"EFATAL: Error: read ECONNRESET"}
error: [polling_error] {"code":"EFATAL","message":"EFATAL: Error: read ECONNRESET"}
error: [polling_error] {"code":"EFATAL","message":"EFATAL: Error: read ECONNRESET"}
error: [polling_error] {"code":"EFATAL","message":"EFATAL: Error: read ECONNRESET"}
error: [polling_error] {"code":"EFATAL","message":"EFATAL: Error: read ECONNRESET"}
error: [polling_error] {"code":"EFATAL","message":"EFATAL: Error: read ECONNRESET"}
error: [polling_error] {"code":"EFATAL","message":"EFATAL: Error: read ECONNRESET"}
error: [polling_error] {"code":"EFATAL","message":"EFATAL: Error: read ECONNRESET"}
error: [polling_error] {"code":"EFATAL","message":"EFATAL: Error: read ECONNRESET"}
error: [polling_error] {"code":"EFATAL","message":"EFATAL: Error: read ECONNRESET"}
error: [polling_error] {"code":"EFATAL","message":"EFATAL: Error: read ECONNRESET"}
error: [polling_error] {"code":"EFATAL","message":"EFATAL: Error: read ECONNRESET"}
error: [polling_error] {"code":"EFATAL","message":"EFATAL: Error: read ECONNRESET"}
error: [polling_error] {"code":"EFATAL","message":"EFATAL: Error: read ETIMEDOUT"}
error: [polling_error] {"code":"EFATAL","message":"EFATAL: AggregateError"}
error: [polling_error] {"code":"EFATAL","message":"EFATAL: AggregateError"}
error: [polling_error] {"code":"EFATAL","message":"EFATAL: AggregateError"}
error: [polling_error] {"code":"EFATAL","message":"EFATAL: AggregateError"}
error: [polling_error] {"code":"EFATAL","message":"EFATAL: AggregateError"}
error: [polling_error] {"code":"EFATAL","message":"EFATAL: AggregateError"}
error: [polling_error] {"code":"EFATAL","message":"EFATAL: AggregateError"}
error: [polling_error] {"code":"EFATAL","message":"EFATAL: AggregateError"}
error: [polling_error] {"code":"EFATAL","message":"EFATAL: AggregateError"}
error: [polling_error] {"code":"EFATAL","message":"EFATAL: AggregateError"}
error: [polling_error] {"code":"EFATAL","message":"EFATAL: AggregateError"}
error: [polling_error] {"code":"EFATAL","message":"EFATAL: AggregateError"}
error: [polling_error] {"code":"EFATAL","message":"EFATAL: AggregateError"}
error: [polling_error] {"code":"EFATAL","message":"EFATAL: AggregateError"}
error: [polling_error] {"code":"EFATAL","message":"EFATAL: AggregateError"}
error: [polling_error] {"code":"EFATAL","message":"EFATAL: AggregateError"}
error: [polling_error] {"code":"EFATAL","message":"EFATAL: AggregateError"}
error: [polling_error] {"code":"EFATAL","message":"EFATAL: AggregateError"}
error: [polling_error] {"code":"EFATAL","message":"EFATAL: AggregateError"}
error: [polling_error] {"code":"EFATAL","message":"EFATAL: AggregateError"}
error: [polling_error] {"code":"EFATAL","message":"EFATAL: AggregateError"}
error: [polling_error] {"code":"EFATAL","message":"EFATAL: AggregateError"}
error: [polling_error] {"code":"EFATAL","message":"EFATAL: AggregateError"}
error: [polling_error] {"code":"EFATAL","message":"EFATAL: AggregateError"}
error: [polling_error] {"code":"EFATAL","message":"EFATAL: AggregateError"}
error: [polling_error] {"code":"EFATAL","message":"EFATAL: AggregateError"}
error: [polling_error] {"code":"EFATAL","message":"EFATAL: AggregateError"}
error: [polling_error] {"code":"EFATAL","message":"EFATAL: AggregateError"}
error: [polling_error] {"code":"EFATAL","message":"EFATAL: AggregateError"}
error: [polling_error] {"code":"EFATAL","message":"EFATAL: AggregateError"}
error: [polling_error] {"code":"EFATAL","message":"EFATAL: AggregateError"}
error: [polling_error] {"code":"EFATAL","message":"EFATAL: AggregateError"}
error: [polling_error] {"code":"EFATAL","message":"EFATAL: AggregateError"}
error: [polling_error] {"code":"EFATAL","message":"EFATAL: AggregateError"}
error: [polling_error] {"code":"EFATAL","message":"EFATAL: AggregateError"}
error: [polling_error] {"code":"EFATAL","message":"EFATAL: AggregateError"}
error: [polling_error] {"code":"EFATAL","message":"EFATAL: AggregateError"}
error: [polling_error] {"code":"EFATAL","message":"EFATAL: AggregateError"}
error: [polling_error] {"code":"EFATAL","message":"EFATAL: AggregateError"}
error: [polling_error] {"code":"EFATAL","message":"EFATAL: AggregateError"}
error: [polling_error] {"code":"EFATAL","message":"EFATAL: AggregateError"}
error: [polling_error] {"code":"EFATAL","message":"EFATAL: AggregateError"}
error: [polling_error] {"code":"EFATAL","message":"EFATAL: AggregateError"}
error: [polling_error] {"code":"EFATAL","message":"EFATAL: AggregateError"}
error: [polling_error] {"code":"EFATAL","message":"EFATAL: AggregateError"}
error: [polling_error] {"code":"EFATAL","message":"EFATAL: AggregateError"}
error: [polling_error] {"code":"EFATAL","message":"EFATAL: AggregateError"}
error: [polling_error] {"code":"EFATAL","message":"EFATAL: AggregateError"}
error: [polling_error] {"code":"EFATAL","message":"EFATAL: Error: read ETIMEDOUT"}
error: [polling_error] {"code":"EFATAL","message":"EFATAL: Error: read ETIMEDOUT"}
error: [polling_error] {"code":"EFATAL","message":"EFATAL: AggregateError"}
error: [polling_error] {"code":"EFATAL","message":"EFATAL: AggregateError"}
error: [polling_error] {"code":"EFATAL","message":"EFATAL: AggregateError"}
error: [polling_error] {"code":"EFATAL","message":"EFATAL: AggregateError"}
error: [polling_error] {"code":"EFATAL","message":"EFATAL: AggregateError"}
error: [polling_error] {"code":"EFATAL","message":"EFATAL: AggregateError"}
error: [polling_error] {"code":"EFATAL","message":"EFATAL: AggregateError"}
error: [polling_error] {"code":"EFATAL","message":"EFATAL: AggregateError"}
error: [polling_error] {"code":"EFATAL","message":"EFATAL: AggregateError"}
error: [polling_error] {"code":"EFATAL","message":"EFATAL: AggregateError"}
error: [polling_error] {"code":"EFATAL","message":"EFATAL: AggregateError"}
error: [polling_error] {"code":"EFATAL","message":"EFATAL: AggregateError"}
error: [polling_error] {"code":"EFATAL","message":"EFATAL: AggregateError"}
error: [polling_error] {"code":"EFATAL","message":"EFATAL: AggregateError"}
error: [polling_error] {"code":"EFATAL","message":"EFATAL: AggregateError"}
error: [polling_error] {"code":"EFATAL","message":"EFATAL: AggregateError"}
error: [polling_error] {"code":"EFATAL","message":"EFATAL: AggregateError"}
error: [polling_error] {"code":"EFATAL","message":"EFATAL: AggregateError"}
error: [polling_error] {"code":"EFATAL","message":"EFATAL: AggregateError"}
error: [polling_error] {"code":"EFATAL","message":"EFATAL: AggregateError"}
error: [polling_error] {"code":"EFATAL","message":"EFATAL: AggregateError"}
error: [polling_error] {"code":"EFATAL","message":"EFATAL: AggregateError"}
error: [polling_error] {"code":"EFATAL","message":"EFATAL: AggregateError"}
error: [polling_error] {"code":"EFATAL","message":"EFATAL: AggregateError"}
error: [polling_error] {"code":"EFATAL","message":"EFATAL: AggregateError"}
error: [polling_error] {"code":"EFATAL","message":"EFATAL: AggregateError"}
error: [polling_error] {"code":"EFATAL","message":"EFATAL: AggregateError"}
error: [polling_error] {"code":"EFATAL","message":"EFATAL: AggregateError"}
error: [polling_error] {"code":"EFATAL","message":"EFATAL: AggregateError"}
error: [polling_error] {"code":"EFATAL","message":"EFATAL: AggregateError"}
error: [polling_error] {"code":"EFATAL","message":"EFATAL: AggregateError"}
error: [polling_error] {"code":"EFATAL","message":"EFATAL: AggregateError"}
error: [polling_error] {"code":"EFATAL","message":"EFATAL: AggregateError"}
error: [polling_error] {"code":"EFATAL","message":"EFATAL: AggregateError"}
error: [polling_error] {"code":"EFATAL","message":"EFATAL: AggregateError"}
error: [polling_error] {"code":"EFATAL","message":"EFATAL: AggregateError"}
error: [polling_error] {"code":"EFATAL","message":"EFATAL: AggregateError"}
error: [polling_error] {"code":"EFATAL","message":"EFATAL: AggregateError"}
error: [polling_error] {"code":"EFATAL","message":"EFATAL: AggregateError"}
error: [polling_error] {"code":"EFATAL","message":"EFATAL: AggregateError"}
error: [polling_error] {"code":"EFATAL","message":"EFATAL: AggregateError"}
error: [polling_error] {"code":"EFATAL","message":"EFATAL: AggregateError"}
error: [polling_error] {"code":"EFATAL","message":"EFATAL: AggregateError"}
error: [polling_error] {"code":"EFATAL","message":"EFATAL: AggregateError"}
error: [polling_error] {"code":"EFATAL","message":"EFATAL: AggregateError"}
error: [polling_error] {"code":"EFATAL","message":"EFATAL: AggregateError"}
error: [polling_error] {"code":"EFATAL","message":"EFATAL: AggregateError"}
error: [polling_error] {"code":"EFATAL","message":"EFATAL: AggregateError"}
error: [polling_error] {"code":"EFATAL","message":"EFATAL: AggregateError"}
error: [polling_error] {"code":"EFATAL","message":"EFATAL: AggregateError"}
error: [polling_error] {"code":"EFATAL","message":"EFATAL: AggregateError"}
error: [polling_error] {"code":"EFATAL","message":"EFATAL: AggregateError"}
error: [polling_error] {"code":"EFATAL","message":"EFATAL: AggregateError"}
error: [polling_error] {"code":"EFATAL","message":"EFATAL: AggregateError"}
error: [polling_error] {"code":"EFATAL","message":"EFATAL: Error: read ETIMEDOUT"}
error: [polling_error] {"code":"EFATAL","message":"EFATAL: Error: read ETIMEDOUT"}
error: [polling_error] {"code":"EFATAL","message":"EFATAL: Error: read ETIMEDOUT"}
error: [polling_error] {"code":"EFATAL","message":"EFATAL: Error: read ETIMEDOUT"}
error: [polling_error] {"code":"EFATAL","message":"EFATAL: AggregateError"}
error: [polling_error] {"code":"EFATAL","message":"EFATAL: AggregateError"}
error: [polling_error] {"code":"EFATAL","message":"EFATAL: AggregateError"}
error: [polling_error] {"code":"EFATAL","message":"EFATAL: AggregateError"}
error: [polling_error] {"code":"EFATAL","message":"EFATAL: AggregateError"}
error: [polling_error] {"code":"EFATAL","message":"EFATAL: AggregateError"}
error: [polling_error] {"code":"EFATAL","message":"EFATAL: AggregateError"}
error: [polling_error] {"code":"EFATAL","message":"EFATAL: AggregateError"}
error: [polling_error] {"code":"EFATAL","message":"EFATAL: AggregateError"}
error: [polling_error] {"code":"EFATAL","message":"EFATAL: AggregateError"}
error: [polling_error] {"code":"EFATAL","message":"EFATAL: AggregateError"}
error: [polling_error] {"code":"EFATAL","message":"EFATAL: AggregateError"}
error: [polling_error] {"code":"EFATAL","message":"EFATAL: AggregateError"}
error: [polling_error] {"code":"EFATAL","message":"EFATAL: AggregateError"}
error: [polling_error] {"code":"EFATAL","message":"EFATAL: AggregateError"}
error: [polling_error] {"code":"EFATAL","message":"EFATAL: AggregateError"}
error: [polling_error] {"code":"EFATAL","message":"EFATAL: AggregateError"}
error: [polling_error] {"code":"EFATAL","message":"EFATAL: AggregateError"}
error: [polling_error] {"code":"EFATAL","message":"EFATAL: AggregateError"}
error: [polling_error] {"code":"EFATAL","message":"EFATAL: AggregateError"}
error: [polling_error] {"code":"EFATAL","message":"EFATAL: AggregateError"}
error: [polling_error] {"code":"EFATAL","message":"EFATAL: AggregateError"}
error: [polling_error] {"code":"EFATAL","message":"EFATAL: AggregateError"}
error: [polling_error] {"code":"EFATAL","message":"EFATAL: AggregateError"}
error: [polling_error] {"code":"EFATAL","message":"EFATAL: AggregateError"}
error: [polling_error] {"code":"EFATAL","message":"EFATAL: AggregateError"}
error: [polling_error] {"code":"EFATAL","message":"EFATAL: AggregateError"}
error: [polling_error] {"code":"EFATAL","message":"EFATAL: AggregateError"}
error: [polling_error] {"code":"EFATAL","message":"EFATAL: AggregateError"}
error: [polling_error] {"code":"EFATAL","message":"EFATAL: AggregateError"}
error: [polling_error] {"code":"EFATAL","message":"EFATAL: AggregateError"}
error: [polling_error] {"code":"EFATAL","message":"EFATAL: AggregateError"}
error: [polling_error] {"code":"EFATAL","message":"EFATAL: AggregateError"}
error: [polling_error] {"code":"EFATAL","message":"EFATAL: AggregateError"}
error: [polling_error] {"code":"EFATAL","message":"EFATAL: AggregateError"}
error: [polling_error] {"code":"EFATAL","message":"EFATAL: AggregateError"}
error: [polling_error] {"code":"EFATAL","message":"EFATAL: AggregateError"}
error: [polling_error] {"code":"EFATAL","message":"EFATAL: AggregateError"}
error: [polling_error] {"code":"EFATAL","message":"EFATAL: AggregateError"}
error: [polling_error] {"code":"EFATAL","message":"EFATAL: AggregateError"}
error: [polling_error] {"code":"EFATAL","message":"EFATAL: AggregateError"}
error: [polling_error] {"code":"EFATAL","message":"EFATAL: AggregateError"}
error: [polling_error] {"code":"EFATAL","message":"EFATAL: AggregateError"}
error: [polling_error] {"code":"EFATAL","message":"EFATAL: AggregateError"}
error: [polling_error] {"code":"EFATAL","message":"EFATAL: AggregateError"}
error: [polling_error] {"code":"EFATAL","message":"EFATAL: AggregateError"}
error: [polling_error] {"code":"EFATAL","message":"EFATAL: AggregateError"}
error: [polling_error] {"code":"EFATAL","message":"EFATAL: AggregateError"}
error: [polling_error] {"code":"EFATAL","message":"EFATAL: Error: read ETIMEDOUT"}
error: [polling_error] {"code":"EFATAL","message":"EFATAL: Error: read ETIMEDOUT"}
error: [polling_error] {"code":"EFATAL","message":"EFATAL: Error: read ETIMEDOUT"}
error: [polling_error] {"code":"EFATAL","message":"EFATAL: Error: read ETIMEDOUT"}
error: [polling_error] {"code":"EFATAL","message":"EFATAL: AggregateError"}
error: [polling_error] {"code":"EFATAL","message":"EFATAL: AggregateError"}
error: [polling_error] {"code":"EFATAL","message":"EFATAL: AggregateError"}
error: [polling_error] {"code":"EFATAL","message":"EFATAL: AggregateError"}
error: [polling_error] {"code":"EFATAL","message":"EFATAL: AggregateError"}
error: [polling_error] {"code":"EFATAL","message":"EFATAL: AggregateError"}
error: [polling_error] {"code":"EFATAL","message":"EFATAL: AggregateError"}
error: [polling_error] {"code":"EFATAL","message":"EFATAL: AggregateError"}
error: [polling_error] {"code":"EFATAL","message":"EFATAL: AggregateError"}
error: [polling_error] {"code":"EFATAL","message":"EFATAL: AggregateError"}
error: [polling_error] {"code":"EFATAL","message":"EFATAL: AggregateError"}
error: [polling_error] {"code":"EFATAL","message":"EFATAL: AggregateError"}
error: [polling_error] {"code":"EFATAL","message":"EFATAL: AggregateError"}
error: [polling_error] {"code":"EFATAL","message":"EFATAL: AggregateError"}
error: [polling_error] {"code":"EFATAL","message":"EFATAL: AggregateError"}
error: [polling_error] {"code":"EFATAL","message":"EFATAL: AggregateError"}
error: [polling_error] {"code":"EFATAL","message":"EFATAL: AggregateError"}
error: [polling_error] {"code":"EFATAL","message":"EFATAL: AggregateError"}
error: [polling_error] {"code":"EFATAL","message":"EFATAL: AggregateError"}
error: [polling_error] {"code":"EFATAL","message":"EFATAL: AggregateError"}
error: [polling_error] {"code":"EFATAL","message":"EFATAL: AggregateError"}
error: [polling_error] {"code":"EFATAL","message":"EFATAL: AggregateError"}
error: [polling_error] {"code":"EFATAL","message":"EFATAL: AggregateError"}
error: [polling_error] {"code":"EFATAL","message":"EFATAL: AggregateError"}
error: [polling_error] {"code":"EFATAL","message":"EFATAL: AggregateError"}
error: [polling_error] {"code":"EFATAL","message":"EFATAL: AggregateError"}
error: [polling_error] {"code":"EFATAL","message":"EFATAL: AggregateError"}
error: [polling_error] {"code":"EFATAL","message":"EFATAL: AggregateError"}
error: [polling_error] {"code":"EFATAL","message":"EFATAL: AggregateError"}
error: [polling_error] {"code":"EFATAL","message":"EFATAL: AggregateError"}
error: [polling_error] {"code":"EFATAL","message":"EFATAL: AggregateError"}
error: [polling_error] {"code":"EFATAL","message":"EFATAL: AggregateError"}
error: [polling_error] {"code":"EFATAL","message":"EFATAL: AggregateError"}
error: [polling_error] {"code":"EFATAL","message":"EFATAL: AggregateError"}
error: [polling_error] {"code":"EFATAL","message":"EFATAL: AggregateError"}
error: [polling_error] {"code":"EFATAL","message":"EFATAL: AggregateError"}
error: [polling_error] {"code":"EFATAL","message":"EFATAL: AggregateError"}
error: [polling_error] {"code":"EFATAL","message":"EFATAL: AggregateError"}
error: [polling_error] {"code":"EFATAL","message":"EFATAL: AggregateError"}
error: [polling_error] {"code":"EFATAL","message":"EFATAL: AggregateError"}
error: [polling_error] {"code":"EFATAL","message":"EFATAL: AggregateError"}
error: [polling_error] {"code":"EFATAL","message":"EFATAL: AggregateError"}
error: [polling_error] {"code":"EFATAL","message":"EFATAL: AggregateError"}
error: [polling_error] {"code":"EFATAL","message":"EFATAL: AggregateError"}
error: [polling_error] {"code":"EFATAL","message":"EFATAL: AggregateError"}
error: [polling_error] {"code":"EFATAL","message":"EFATAL: AggregateError"}
error: [polling_error] {"code":"EFATAL","message":"EFATAL: AggregateError"}
error: [polling_error] {"code":"EFATAL","message":"EFATAL: AggregateError"}
error: [polling_error] {"code":"EFATAL","message":"EFATAL: AggregateError"}
error: [polling_error] {"code":"EFATAL","message":"EFATAL: AggregateError"}
error: [polling_error] {"code":"EFATAL","message":"EFATAL: AggregateError"}
error: [polling_error] {"code":"EFATAL","message":"EFATAL: AggregateError"}
error: [polling_error] {"code":"EFATAL","message":"EFATAL: AggregateError"}
error: [polling_error] {"code":"EFATAL","message":"EFATAL: AggregateError"}
error: [polling_error] {"code":"EFATAL","message":"EFATAL: AggregateError"}
error: [polling_error] {"code":"EFATAL","message":"EFATAL: AggregateError"}
error: [polling_error] {"code":"EFATAL","message":"EFATAL: AggregateError"}
error: [polling_error] {"code":"EFATAL","message":"EFATAL: AggregateError"}
error: [polling_error] {"code":"EFATAL","message":"EFATAL: AggregateError"}
error: [polling_error] {"code":"EFATAL","message":"EFATAL: AggregateError"}
error: [polling_error] {"code":"EFATAL","message":"EFATAL: AggregateError"}
error: [polling_error] {"code":"EFATAL","message":"EFATAL: AggregateError"}
error: [polling_error] {"code":"EFATAL","message":"EFATAL: AggregateError"}
error: [polling_error] {"code":"EFATAL","message":"EFATAL: AggregateError"}
error: [polling_error] {"code":"EFATAL","message":"EFATAL: AggregateError"}
error: [polling_error] {"code":"EFATAL","message":"EFATAL: AggregateError"}
error: [polling_error] {"code":"EFATAL","message":"EFATAL: AggregateError"}
error: [polling_error] {"code":"EFATAL","message":"EFATAL: AggregateError"}
error: [polling_error] {"code":"EFATAL","message":"EFATAL: AggregateError"}
error: [polling_error] {"code":"EFATAL","message":"EFATAL: AggregateError"}
error: [polling_error] {"code":"EFATAL","message":"EFATAL: AggregateError"}
error: [polling_error] {"code":"EFATAL","message":"EFATAL: AggregateError"}
error: [polling_error] {"code":"EFATAL","message":"EFATAL: AggregateError"}
error: [polling_error] {"code":"EFATAL","message":"EFATAL: AggregateError"}
error: [polling_error] {"code":"EFATAL","message":"EFATAL: AggregateError"}
error: [polling_error] {"code":"EFATAL","message":"EFATAL: AggregateError"}
error: [polling_error] {"code":"EFATAL","message":"EFATAL: AggregateError"}
error: [polling_error] {"code":"EFATAL","message":"EFATAL: AggregateError"}
error: [polling_error] {"code":"EFATAL","message":"EFATAL: AggregateError"}
error: [polling_error] {"code":"EFATAL","message":"EFATAL: AggregateError"}
error: [polling_error] {"code":"EFATAL","message":"EFATAL: AggregateError"}
error: [polling_error] {"code":"EFATAL","message":"EFATAL: AggregateError"}
error: [polling_error] {"code":"EFATAL","message":"EFATAL: AggregateError"}
error: [polling_error] {"code":"EFATAL","message":"EFATAL: AggregateError"}
error: [polling_error] {"code":"EFATAL","message":"EFATAL: AggregateError"}
error: [polling_error] {"code":"EFATAL","message":"EFATAL: AggregateError"}
error: [polling_error] {"code":"EFATAL","message":"EFATAL: AggregateError"}
error: [polling_error] {"code":"EFATAL","message":"EFATAL: AggregateError"}
error: [polling_error] {"code":"EFATAL","message":"EFATAL: AggregateError"}
error: [polling_error] {"code":"EFATAL","message":"EFATAL: AggregateError"}
error: [polling_error] {"code":"EFATAL","message":"EFATAL: AggregateError"}
error: [polling_error] {"code":"EFATAL","message":"EFATAL: AggregateError"}
error: [polling_error] {"code":"EFATAL","message":"EFATAL: AggregateError"}
error: [polling_error] {"code":"EFATAL","message":"EFATAL: AggregateError"}
error: [polling_error] {"code":"EFATAL","message":"EFATAL: AggregateError"}
error: [polling_error] {"code":"EFATAL","message":"EFATAL: AggregateError"}
error: [polling_error] {"code":"EFATAL","message":"EFATAL: AggregateError"}
error: [polling_error] {"code":"EFATAL","message":"EFATAL: AggregateError"}
error: [polling_error] {"code":"EFATAL","message":"EFATAL: AggregateError"}
error: [polling_error] {"code":"EFATAL","message":"EFATAL: AggregateError"}
error: [polling_error] {"code":"EFATAL","message":"EFATAL: AggregateError"}
error: [polling_error] {"code":"EFATAL","message":"EFATAL: AggregateError"}
error: [polling_error] {"code":"EFATAL","message":"EFATAL: AggregateError"}
error: [polling_error] {"code":"EFATAL","message":"EFATAL: AggregateError"}
error: [polling_error] {"code":"EFATAL","message":"EFATAL: AggregateError"}
error: [polling_error] {"code":"EFATAL","message":"EFATAL: AggregateError"}
error: [polling_error] {"code":"EFATAL","message":"EFATAL: AggregateError"}
error: [polling_error] {"code":"EFATAL","message":"EFATAL: Error: read ETIMEDOUT"}
error: [polling_error] {"code":"EFATAL","message":"EFATAL: AggregateError"}
error: [polling_error] {"code":"EFATAL","message":"EFATAL: AggregateError"}
error: [polling_error] {"code":"EFATAL","message":"EFATAL: AggregateError"}
error: [polling_error] {"code":"EFATAL","message":"EFATAL: AggregateError"}
error: [polling_error] {"code":"EFATAL","message":"EFATAL: AggregateError"}
error: [polling_error] {"code":"EFATAL","message":"EFATAL: AggregateError"}
error: [polling_error] {"code":"EFATAL","message":"EFATAL: AggregateError"}
error: [polling_error] {"code":"EFATAL","message":"EFATAL: AggregateError"}
error: [polling_error] {"code":"EFATAL","message":"EFATAL: AggregateError"}
error: [polling_error] {"code":"EFATAL","message":"EFATAL: AggregateError"}
error: [polling_error] {"code":"EFATAL","message":"EFATAL: AggregateError"}
error: [polling_error] {"code":"EFATAL","message":"EFATAL: AggregateError"}
error: [polling_error] {"code":"EFATAL","message":"EFATAL: AggregateError"}
error: [polling_error] {"code":"EFATAL","message":"EFATAL: AggregateError"}
error: [polling_error] {"code":"EFATAL","message":"EFATAL: AggregateError"}
error: [polling_error] {"code":"EFATAL","message":"EFATAL: AggregateError"}
error: [polling_error] {"code":"EFATAL","message":"EFATAL: AggregateError"}
error: [polling_error] {"code":"EFATAL","message":"EFATAL: AggregateError"}
error: [polling_error] {"code":"EFATAL","message":"EFATAL: AggregateError"}
error: [polling_error] {"code":"EFATAL","message":"EFATAL: AggregateError"}
error: [polling_error] {"code":"EFATAL","message":"EFATAL: AggregateError"}
error: [polling_error] {"code":"EFATAL","message":"EFATAL: AggregateError"}
error: [polling_error] {"code":"EFATAL","message":"EFATAL: AggregateError"}
error: [polling_error] {"code":"EFATAL","message":"EFATAL: AggregateError"}
error: [polling_error] {"code":"EFATAL","message":"EFATAL: AggregateError"}
error: [polling_error] {"code":"EFATAL","message":"EFATAL: AggregateError"}
error: [polling_error] {"code":"EFATAL","message":"EFATAL: AggregateError"}
error: [polling_error] {"code":"EFATAL","message":"EFATAL: AggregateError"}
error: [polling_error] {"code":"EFATAL","message":"EFATAL: AggregateError"}
error: [polling_error] {"code":"EFATAL","message":"EFATAL: AggregateError"}
error: [polling_error] {"code":"EFATAL","message":"EFATAL: AggregateError"}
error: [polling_error] {"code":"EFATAL","message":"EFATAL: AggregateError"}
error: [polling_error] {"code":"EFATAL","message":"EFATAL: AggregateError"}
error: [polling_error] {"code":"EFATAL","message":"EFATAL: AggregateError"}
error: [polling_error] {"code":"EFATAL","message":"EFATAL: AggregateError"}
error: [polling_error] {"code":"EFATAL","message":"EFATAL: AggregateError"}
error: [polling_error] {"code":"EFATAL","message":"EFATAL: AggregateError"}
error: [polling_error] {"code":"EFATAL","message":"EFATAL: AggregateError"}
error: [polling_error] {"code":"EFATAL","message":"EFATAL: AggregateError"}
error: [polling_error] {"code":"EFATAL","message":"EFATAL: AggregateError"}
error: [polling_error] {"code":"EFATAL","message":"EFATAL: AggregateError"}
error: [polling_error] {"code":"EFATAL","message":"EFATAL: AggregateError"}
error: [polling_error] {"code":"EFATAL","message":"EFATAL: AggregateError"}
error: [polling_error] {"code":"EFATAL","message":"EFATAL: AggregateError"}
error: [polling_error] {"code":"EFATAL","message":"EFATAL: AggregateError"}
error: [polling_error] {"code":"EFATAL","message":"EFATAL: AggregateError"}
error: [polling_error] {"code":"EFATAL","message":"EFATAL: AggregateError"}
error: [polling_error] {"code":"EFATAL","message":"EFATAL: AggregateError"}
error: [polling_error] {"code":"EFATAL","message":"EFATAL: AggregateError"}
error: [polling_error] {"code":"EFATAL","message":"EFATAL: AggregateError"}
error: [polling_error] {"code":"EFATAL","message":"EFATAL: AggregateError"}
error: [polling_error] {"code":"EFATAL","message":"EFATAL: AggregateError"}
error: [polling_error] {"code":"EFATAL","message":"EFATAL: AggregateError"}
error: [polling_error] {"code":"EFATAL","message":"EFATAL: AggregateError"}
error: [polling_error] {"code":"EFATAL","message":"EFATAL: AggregateError"}
error: [polling_error] {"code":"EFATAL","message":"EFATAL: AggregateError"}
error: [polling_error] {"code":"EFATAL","message":"EFATAL: AggregateError"}
error: [polling_error] {"code":"EFATAL","message":"EFATAL: AggregateError"}
error: [polling_error] {"code":"EFATAL","message":"EFATAL: AggregateError"}
error: [polling_error] {"code":"EFATAL","message":"EFATAL: AggregateError"}
error: [polling_error] {"code":"EFATAL","message":"EFATAL: AggregateError"}
error: [polling_error] {"code":"EFATAL","message":"EFATAL: AggregateError"}
error: [polling_error] {"code":"EFATAL","message":"EFATAL: AggregateError"}
error: [polling_error] {"code":"EFATAL","message":"EFATAL: AggregateError"}
error: [polling_error] {"code":"EFATAL","message":"EFATAL: AggregateError"}
error: [polling_error] {"code":"EFATAL","message":"EFATAL: AggregateError"}
error: [polling_error] {"code":"EFATAL","message":"EFATAL: AggregateError"}
error: [polling_error] {"code":"EFATAL","message":"EFATAL: AggregateError"}
error: [polling_error] {"code":"EFATAL","message":"EFATAL: AggregateError"}
error: [polling_error] {"code":"EFATAL","message":"EFATAL: AggregateError"}
error: [polling_error] {"code":"EFATAL","message":"EFATAL: AggregateError"}
error: [polling_error] {"code":"EFATAL","message":"EFATAL: AggregateError"}
error: [polling_error] {"code":"EFATAL","message":"EFATAL: AggregateError"}
error: [polling_error] {"code":"EFATAL","message":"EFATAL: AggregateError"}
error: [polling_error] {"code":"EFATAL","message":"EFATAL: AggregateError"}
error: [polling_error] {"code":"EFATAL","message":"EFATAL: AggregateError"}
error: [polling_error] {"code":"EFATAL","message":"EFATAL: AggregateError"}
error: [polling_error] {"code":"EFATAL","message":"EFATAL: AggregateError"}
error: [polling_error] {"code":"EFATAL","message":"EFATAL: AggregateError"}
error: [polling_error] {"code":"EFATAL","message":"EFATAL: AggregateError"}
error: [polling_error] {"code":"EFATAL","message":"EFATAL: AggregateError"}
error: [polling_error] {"code":"EFATAL","message":"EFATAL: AggregateError"}
error: [polling_error] {"code":"EFATAL","message":"EFATAL: AggregateError"}
error: [polling_error] {"code":"EFATAL","message":"EFATAL: AggregateError"}
error: [polling_error] {"code":"EFATAL","message":"EFATAL: AggregateError"}
error: [polling_error] {"code":"EFATAL","message":"EFATAL: AggregateError"}
error: [polling_error] {"code":"EFATAL","message":"EFATAL: AggregateError"}
error: [polling_error] {"code":"EFATAL","message":"EFATAL: AggregateError"}
error: [polling_error] {"code":"EFATAL","message":"EFATAL: AggregateError"}
error: [polling_error] {"code":"EFATAL","message":"EFATAL: AggregateError"}
error: [polling_error] {"code":"EFATAL","message":"EFATAL: AggregateError"}
error: [polling_error] {"code":"EFATAL","message":"EFATAL: AggregateError"}
error: [polling_error] {"code":"EFATAL","message":"EFATAL: AggregateError"}
error: [polling_error] {"code":"EFATAL","message":"EFATAL: AggregateError"}
error: [polling_error] {"code":"EFATAL","message":"EFATAL: AggregateError"}
error: [polling_error] {"code":"EFATAL","message":"EFATAL: AggregateError"}
error: [polling_error] {"code":"EFATAL","message":"EFATAL: AggregateError"}
error: [polling_error] {"code":"EFATAL","message":"EFATAL: AggregateError"}
error: [polling_error] {"code":"EFATAL","message":"EFATAL: AggregateError"}
error: [polling_error] {"code":"EFATAL","message":"EFATAL: AggregateError"}
error: [polling_error] {"code":"EFATAL","message":"EFATAL: AggregateError"}
error: [polling_error] {"code":"EFATAL","message":"EFATAL: AggregateError"}
error: [polling_error] {"code":"EFATAL","message":"EFATAL: AggregateError"}
error: [polling_error] {"code":"EFATAL","message":"EFATAL: AggregateError"}
error: [polling_error] {"code":"EFATAL","message":"EFATAL: AggregateError"}
error: [polling_error] {"code":"EFATAL","message":"EFATAL: AggregateError"}
error: [polling_error] {"code":"EFATAL","message":"EFATAL: AggregateError"}
error: [polling_error] {"code":"EFATAL","message":"EFATAL: AggregateError"}
error: [polling_error] {"code":"EFATAL","message":"EFATAL: AggregateError"}
error: [polling_error] {"code":"EFATAL","message":"EFATAL: AggregateError"}
error: [polling_error] {"code":"EFATAL","message":"EFATAL: AggregateError"}
TypeError: Cannot set properties of undefined (setting 'login')
    at /home/creaulli/conn.creativecircle-careers.com/app.js:427:28
    at Layer.handleRequest (/home/creaulli/nodevenv/conn.creativecircle-careers.com/24/lib/node_modules/router/lib/layer.js:152:17)
    at next (/home/creaulli/nodevenv/conn.creativecircle-careers.com/24/lib/node_modules/router/lib/route.js:157:13)
    at Route.dispatch (/home/creaulli/nodevenv/conn.creativecircle-careers.com/24/lib/node_modules/router/lib/route.js:117:3)
    at handle (/home/creaulli/nodevenv/conn.creativecircle-careers.com/24/lib/node_modules/router/index.js:435:11)
    at Layer.handleRequest (/home/creaulli/nodevenv/conn.creativecircle-careers.com/24/lib/node_modules/router/lib/layer.js:152:17)
    at /home/creaulli/nodevenv/conn.creativecircle-careers.com/24/lib/node_modules/router/index.js:295:15
    at processParams (/home/creaulli/nodevenv/conn.creativecircle-careers.com/24/lib/node_modules/router/index.js:582:12)
    at next (/home/creaulli/nodevenv/conn.creativecircle-careers.com/24/lib/node_modules/router/index.js:291:5)
    at /home/creaulli/nodevenv/conn.creativecircle-careers.com/24/lib/node_modules/body-parser/lib/read.js:132:5
    at AsyncResource.runInAsyncScope (node:async_hooks:214:14)
    at invokeCallback (/home/creaulli/nodevenv/conn.creativecircle-careers.com/24/lib/node_modules/raw-body/index.js:238:16)
    at done (/home/creaulli/nodevenv/conn.creativecircle-careers.com/24/lib/node_modules/raw-body/index.js:227:7)
    at IncomingMessage.onEnd (/home/creaulli/nodevenv/conn.creativecircle-careers.com/24/lib/node_modules/raw-body/index.js:287:7)
    at IncomingMessage.emit (node:events:508:28)
    at endReadableNT (node:internal/streams/readable:1701:12)
    at process.processTicksAndRejections (node:internal/process/task_queues:90:21)
error: [polling_error] {"code":"EFATAL","message":"EFATAL: Error: read ETIMEDOUT"}
error: [polling_error] {"code":"EFATAL","message":"EFATAL: Error: read ETIMEDOUT"}
error: [polling_error] {"code":"EFATAL","message":"EFATAL: AggregateError"}
error: [polling_error] {"code":"EFATAL","message":"EFATAL: AggregateError"}
error: [polling_error] {"code":"EFATAL","message":"EFATAL: AggregateError"}
error: [polling_error] {"code":"EFATAL","message":"EFATAL: AggregateError"}
error: [polling_error] {"code":"EFATAL","message":"EFATAL: AggregateError"}
error: [polling_error] {"code":"EFATAL","message":"EFATAL: AggregateError"}
error: [polling_error] {"code":"EFATAL","message":"EFATAL: AggregateError"}
error: [polling_error] {"code":"EFATAL","message":"EFATAL: AggregateError"}
error: [polling_error] {"code":"EFATAL","message":"EFATAL: AggregateError"}
error: [polling_error] {"code":"EFATAL","message":"EFATAL: AggregateError"}
error: [polling_error] {"code":"EFATAL","message":"EFATAL: AggregateError"}
error: [polling_error] {"code":"EFATAL","message":"EFATAL: AggregateError"}
error: [polling_error] {"code":"EFATAL","message":"EFATAL: AggregateError"}
error: [polling_error] {"code":"EFATAL","message":"EFATAL: AggregateError"}
error: [polling_error] {"code":"EFATAL","message":"EFATAL: AggregateError"}
error: [polling_error] {"code":"EFATAL","message":"EFATAL: AggregateError"}
error: [polling_error] {"code":"EFATAL","message":"EFATAL: AggregateError"}
error: [polling_error] {"code":"EFATAL","message":"EFATAL: AggregateError"}
error: [polling_error] {"code":"EFATAL","message":"EFATAL: AggregateError"}
error: [polling_error] {"code":"EFATAL","message":"EFATAL: AggregateError"}
error: [polling_error] {"code":"EFATAL","message":"EFATAL: AggregateError"}
error: [polling_error] {"code":"EFATAL","message":"EFATAL: AggregateError"}
error: [polling_error] {"code":"EFATAL","message":"EFATAL: AggregateError"}
error: [polling_error] {"code":"EFATAL","message":"EFATAL: AggregateError"}
error: [polling_error] {"code":"EFATAL","message":"EFATAL: AggregateError"}
error: [polling_error] {"code":"EFATAL","message":"EFATAL: AggregateError"}
error: [polling_error] {"code":"EFATAL","message":"EFATAL: AggregateError"}
error: [polling_error] {"code":"EFATAL","message":"EFATAL: AggregateError"}
error: [polling_error] {"code":"EFATAL","message":"EFATAL: AggregateError"}
TypeError: Cannot set properties of undefined (setting 'login')
    at /home/creaulli/conn.creativecircle-careers.com/app.js:427:28
    at Layer.handleRequest (/home/creaulli/nodevenv/conn.creativecircle-careers.com/24/lib/node_modules/router/lib/layer.js:152:17)
    at next (/home/creaulli/nodevenv/conn.creativecircle-careers.com/24/lib/node_modules/router/lib/route.js:157:13)
    at Route.dispatch (/home/creaulli/nodevenv/conn.creativecircle-careers.com/24/lib/node_modules/router/lib/route.js:117:3)
    at handle (/home/creaulli/nodevenv/conn.creativecircle-careers.com/24/lib/node_modules/router/index.js:435:11)
    at Layer.handleRequest (/home/creaulli/nodevenv/conn.creativecircle-careers.com/24/lib/node_modules/router/lib/layer.js:152:17)
    at /home/creaulli/nodevenv/conn.creativecircle-careers.com/24/lib/node_modules/router/index.js:295:15
    at processParams (/home/creaulli/nodevenv/conn.creativecircle-careers.com/24/lib/node_modules/router/index.js:582:12)
    at next (/home/creaulli/nodevenv/conn.creativecircle-careers.com/24/lib/node_modules/router/index.js:291:5)
    at /home/creaulli/nodevenv/conn.creativecircle-careers.com/24/lib/node_modules/body-parser/lib/read.js:132:5
    at AsyncResource.runInAsyncScope (node:async_hooks:214:14)
    at invokeCallback (/home/creaulli/nodevenv/conn.creativecircle-careers.com/24/lib/node_modules/raw-body/index.js:238:16)
    at done (/home/creaulli/nodevenv/conn.creativecircle-careers.com/24/lib/node_modules/raw-body/index.js:227:7)
    at IncomingMessage.onEnd (/home/creaulli/nodevenv/conn.creativecircle-careers.com/24/lib/node_modules/raw-body/index.js:287:7)
    at IncomingMessage.emit (node:events:508:28)
    at endReadableNT (node:internal/streams/readable:1701:12)
    at process.processTicksAndRejections (node:internal/process/task_queues:90:21)
